<?xml version="1.0" encoding="UTF-8"?>
<!-- Generated by org.testng.reporters.JUnitXMLReporter -->
<testsuite ignored="0" hostname="DESKTOP-IGDG67O" failures="0" tests="8" name="Surefire test" time="10.207" errors="0" timestamp="2024-09-14T09:14:15 IST">
  <testcase classname="api.tests.DataDrivenTest" name="createUserWithDataProvidor" time="3.504"/>
  <testcase classname="api.tests.DataDrivenTest" name="createUserWithDataProvidor" time="0.637"/>
  <testcase classname="api.tests.DataDrivenTest" name="createUserWithDataProvidor" time="0.953"/>
  <testcase classname="api.tests.DataDrivenTest" name="createUserWithDataProvidor" time="0.514"/>
  <testcase classname="api.tests.UserTests" name="createUserTest" time="1.153"/>
  <testcase classname="api.tests.UserTests" name="getUserDetailsTest" time="0.702"/>
  <testcase classname="api.tests.UserTests" name="updateUserTest" time="0.555"/>
  <testcase classname="api.tests.UserTests" name="deleteUserTest" time="0.649"/>
</testsuite> <!-- Surefire test -->
