<?xml version="1.0" encoding="UTF-8"?>
<!-- Generated by org.testng.reporters.JUnitXMLReporter -->
<testsuite ignored="0" hostname="DESKTOP-IGDG67O" failures="0" tests="4" name="Default test" time="4.349" errors="0" timestamp="2024-09-13T21:33:17 IST">
  <testcase classname="api.tests.UserTests" name="createUserTest" time="2.548"/>
  <testcase classname="api.tests.UserTests" name="getUserDetailsTest" time="0.446"/>
  <testcase classname="api.tests.UserTests" name="updateUserTest" time="0.434"/>
  <testcase classname="api.tests.UserTests" name="deleteUserTest" time="0.378"/>
</testsuite> <!-- Default test -->
