<?xml version="1.0" encoding="UTF-8"?>
<testng-results ignored="0" total="8" passed="8" failed="0" skipped="0">
  <reporter-output>
  </reporter-output>
  <suite started-at="2024-09-14T09:14:05 IST" name="Surefire suite" finished-at="2024-09-14T09:14:15 IST" duration-ms="10207">
    <groups>
    </groups>
    <test started-at="2024-09-14T09:14:05 IST" name="Surefire test" finished-at="2024-09-14T09:14:15 IST" duration-ms="10207">
      <class name="api.tests.UserTests">
        <test-method is-config="true" signature="setupData()[pri:0, instance:api.tests.UserTests@5c909414]" started-at="2024-09-14T09:14:12 IST" name="setupData" finished-at="2024-09-14T09:14:12 IST" duration-ms="156" status="PASS">
          <reporter-output>
          </reporter-output>
        </test-method> <!-- setupData -->
        <test-method signature="createUserTest()[pri:1, instance:api.tests.UserTests@5c909414]" started-at="2024-09-14T09:14:12 IST" name="createUserTest" finished-at="2024-09-14T09:14:13 IST" duration-ms="1153" status="PASS">
          <reporter-output>
          </reporter-output>
        </test-method> <!-- createUserTest -->
        <test-method signature="getUserDetailsTest()[pri:2, instance:api.tests.UserTests@5c909414]" started-at="2024-09-14T09:14:13 IST" name="getUserDetailsTest" finished-at="2024-09-14T09:14:14 IST" duration-ms="702" status="PASS">
          <reporter-output>
          </reporter-output>
        </test-method> <!-- getUserDetailsTest -->
        <test-method signature="updateUserTest()[pri:3, instance:api.tests.UserTests@5c909414]" started-at="2024-09-14T09:14:14 IST" name="updateUserTest" finished-at="2024-09-14T09:14:15 IST" duration-ms="555" status="PASS">
          <reporter-output>
          </reporter-output>
        </test-method> <!-- updateUserTest -->
        <test-method signature="deleteUserTest()[pri:4, instance:api.tests.UserTests@5c909414]" started-at="2024-09-14T09:14:15 IST" name="deleteUserTest" finished-at="2024-09-14T09:14:15 IST" duration-ms="649" status="PASS">
          <reporter-output>
          </reporter-output>
        </test-method> <!-- deleteUserTest -->
      </class> <!-- api.tests.UserTests -->
      <class name="api.tests.DataDrivenTest">
        <test-method signature="createUserWithDataProvidor(java.lang.String,java.lang.String)[pri:1, instance:api.tests.DataDrivenTest@2ddc8ecb]" started-at="2024-09-14T09:14:06 IST" name="createUserWithDataProvidor" data-provider="Data" finished-at="2024-09-14T09:14:10 IST" duration-ms="3504" status="PASS">
          <params>
            <param index="0">
              <value>
                <![CDATA[sravan]]>
              </value>
            </param>
            <param index="1">
              <value>
                <![CDATA[leader]]>
              </value>
            </param>
          </params>
          <reporter-output>
          </reporter-output>
        </test-method> <!-- createUserWithDataProvidor -->
        <test-method signature="createUserWithDataProvidor(java.lang.String,java.lang.String)[pri:1, instance:api.tests.DataDrivenTest@2ddc8ecb]" started-at="2024-09-14T09:14:10 IST" name="createUserWithDataProvidor" data-provider="Data" finished-at="2024-09-14T09:14:11 IST" duration-ms="637" status="PASS">
          <params>
            <param index="0">
              <value>
                <![CDATA[kumar]]>
              </value>
            </param>
            <param index="1">
              <value>
                <![CDATA[actor]]>
              </value>
            </param>
          </params>
          <reporter-output>
          </reporter-output>
        </test-method> <!-- createUserWithDataProvidor -->
        <test-method signature="createUserWithDataProvidor(java.lang.String,java.lang.String)[pri:1, instance:api.tests.DataDrivenTest@2ddc8ecb]" started-at="2024-09-14T09:14:11 IST" name="createUserWithDataProvidor" data-provider="Data" finished-at="2024-09-14T09:14:12 IST" duration-ms="953" status="PASS">
          <params>
            <param index="0">
              <value>
                <![CDATA[Uday]]>
              </value>
            </param>
            <param index="1">
              <value>
                <![CDATA[director]]>
              </value>
            </param>
          </params>
          <reporter-output>
          </reporter-output>
        </test-method> <!-- createUserWithDataProvidor -->
        <test-method signature="createUserWithDataProvidor(java.lang.String,java.lang.String)[pri:1, instance:api.tests.DataDrivenTest@2ddc8ecb]" started-at="2024-09-14T09:14:12 IST" name="createUserWithDataProvidor" data-provider="Data" finished-at="2024-09-14T09:14:12 IST" duration-ms="514" status="PASS">
          <params>
            <param index="0">
              <value>
                <![CDATA[tejas]]>
              </value>
            </param>
            <param index="1">
              <value>
                <![CDATA[producer]]>
              </value>
            </param>
          </params>
          <reporter-output>
          </reporter-output>
        </test-method> <!-- createUserWithDataProvidor -->
      </class> <!-- api.tests.DataDrivenTest -->
    </test> <!-- Surefire test -->
  </suite> <!-- Surefire suite -->
</testng-results>
