<?xml version="1.0" encoding="UTF-8"?>
<testsuite xmlns:xsi="http://www.w3.org/2001/XMLSchema-instance" xsi:noNamespaceSchemaLocation="https://maven.apache.org/surefire/maven-surefire-plugin/xsd/surefire-test-report.xsd" version="3.0.2" name="TestSuite" time="10.722" tests="8" errors="0" skipped="0" failures="0">
  <properties>
[...]
</properties>
  <testcase name="createUserWithDataProvidor[sravan, leader](1)" classname="api.tests.DataDrivenTest" time="3.505">
    <system-out><![CDATA[ERROR StatusConsoleListener Unable to locate appender "LogToConsole" for logger config "root"
ERROR StatusConsoleListener Unable to locate appender "LogToRollingFile" for logger config "com.mkyong"
{
    "firstName": "sravan",
    "lastName": "leader",
    "email": null,
    "id": "257",
    "createdAt": "2024-09-14T03:44:09.752Z"
}
]]></system-out>
    <system-err><![CDATA[SLF4J: Failed to load class "org.slf4j.impl.StaticLoggerBinder".
SLF4J: Defaulting to no-operation (NOP) logger implementation
SLF4J: See http://www.slf4j.org/codes.html#StaticLoggerBinder for further details.
log4j:WARN No appenders could be found for logger (org.apache.http.impl.conn.BasicClientConnectionManager).
log4j:WARN Please initialize the log4j system properly.
log4j:WARN See http://logging.apache.org/log4j/1.2/faq.html#noconfig for more info.
]]></system-err>
  </testcase>
  <testcase name="createUserWithDataProvidor[kumar, actor](2)" classname="api.tests.DataDrivenTest" time="0.639">
    <system-out><![CDATA[{
    "firstName": "kumar",
    "lastName": "actor",
    "email": null,
    "id": "249",
    "createdAt": "2024-09-14T03:44:10.466Z"
}
]]></system-out>
  </testcase>
  <testcase name="createUserWithDataProvidor[Uday, director](3)" classname="api.tests.DataDrivenTest" time="0.949">
    <system-out><![CDATA[{
    "firstName": "Uday",
    "lastName": "director",
    "email": null,
    "id": "109",
    "createdAt": "2024-09-14T03:44:11.415Z"
}
]]></system-out>
  </testcase>
  <testcase name="createUserWithDataProvidor[tejas, producer](4)" classname="api.tests.DataDrivenTest" time="0.513">
    <system-out><![CDATA[{
    "firstName": "tejas",
    "lastName": "producer",
    "email": null,
    "id": "435",
    "createdAt": "2024-09-14T03:44:11.939Z"
}
]]></system-out>
  </testcase>
  <testcase name="createUserTest" classname="api.tests.UserTests" time="1.153">
    <system-out><![CDATA[HTTP/1.1 201 Created
Date: Sat, 14 Sep 2024 03:44:12 GMT
Content-Type: application/json; charset=utf-8
Content-Length: 132
Connection: keep-alive
Report-To: {"group":"heroku-nel","max_age":3600,"endpoints":[{"url":"https://nel.heroku.com/reports?ts=1726285452&sid=c4c9725f-1ab0-44d8-820f-430df2718e11&s=ZIo4HMbyFRTrILgyV%2FQQaZHp6zI%2FOLKEMlr1ZiyaFOY%3D"}]}
Reporting-Endpoints: heroku-nel=https://nel.heroku.com/reports?ts=1726285452&sid=c4c9725f-1ab0-44d8-820f-430df2718e11&s=ZIo4HMbyFRTrILgyV%2FQQaZHp6zI%2FOLKEMlr1ZiyaFOY%3D
Nel: {"report_to":"heroku-nel","max_age":3600,"success_fraction":0.005,"failure_fraction":0.05,"response_headers":["Via"]}
X-Powered-By: Express
Access-Control-Allow-Origin: *
Etag: W/"84-MV7BEQ9KAN2nEnEhG109x93GoZ4"
Via: 1.1 vegur
CF-Cache-Status: DYNAMIC
Server: cloudflare
CF-RAY: 8c2d608d88dfc1c4-BLR

{
    "firstName": "Edgardo",
    "lastName": "Bailey",
    "email": "normand.wintheiser@yahoo.com",
    "id": "352",
    "createdAt": "2024-09-14T03:44:12.647Z"
}
New userId is: 352
]]></system-out>
  </testcase>
  <testcase name="getUserDetailsTest" classname="api.tests.UserTests" time="0.704">
    <system-out><![CDATA[userId is: 352
HTTP/1.1 404 Not Found
Date: Sat, 14 Sep 2024 03:44:14 GMT
Content-Type: application/json; charset=utf-8
Content-Length: 2
Connection: keep-alive
Report-To: {"group":"heroku-nel","max_age":3600,"endpoints":[{"url":"https://nel.heroku.com/reports?ts=1726285453&sid=c4c9725f-1ab0-44d8-820f-430df2718e11&s=j5TaToGBnkmQeDYmpCOUghOiDaNQZOh%2FlGejlTypZes%3D"}]}
Reporting-Endpoints: heroku-nel=https://nel.heroku.com/reports?ts=1726285453&sid=c4c9725f-1ab0-44d8-820f-430df2718e11&s=j5TaToGBnkmQeDYmpCOUghOiDaNQZOh%2FlGejlTypZes%3D
Nel: {"report_to":"heroku-nel","max_age":3600,"success_fraction":0.005,"failure_fraction":0.05,"response_headers":["Via"]}
X-Powered-By: Express
Access-Control-Allow-Origin: *
Etag: W/"2-vyGp6PvFo4RvsFtPoIWeCReyIC8"
Via: 1.1 vegur
Cache-Control: max-age=14400
CF-Cache-Status: MISS
Vary: Accept-Encoding
Server: cloudflare
CF-RAY: 8c2d6095bf8ec1c2-BLR

{
    
}
]]></system-out>
  </testcase>
  <testcase name="updateUserTest" classname="api.tests.UserTests" time="0.558">
    <system-out><![CDATA[HTTP/1.1 200 OK
Date: Sat, 14 Sep 2024 03:44:14 GMT
Content-Type: application/json; charset=utf-8
Transfer-Encoding: chunked
Connection: keep-alive
Report-To: {"group":"heroku-nel","max_age":3600,"endpoints":[{"url":"https://nel.heroku.com/reports?ts=1726285454&sid=c4c9725f-1ab0-44d8-820f-430df2718e11&s=cQAlLHwki7xeLbbwz2CklvK2mk60wIBToXvbU41KNCs%3D"}]}
Reporting-Endpoints: heroku-nel=https://nel.heroku.com/reports?ts=1726285454&sid=c4c9725f-1ab0-44d8-820f-430df2718e11&s=cQAlLHwki7xeLbbwz2CklvK2mk60wIBToXvbU41KNCs%3D
Nel: {"report_to":"heroku-nel","max_age":3600,"success_fraction":0.005,"failure_fraction":0.05,"response_headers":["Via"]}
X-Powered-By: Express
Access-Control-Allow-Origin: *
Etag: W/"75-/FFiQZMW/wtKiUc1okLYe5Bhi5c"
Via: 1.1 vegur
CF-Cache-Status: DYNAMIC
Vary: Accept-Encoding
Server: cloudflare
CF-RAY: 8c2d60992dd8c16f-BLR
Content-Encoding: gzip

{
    "firstName": "Ralph",
    "lastName": "Zieme",
    "email": "deb.cruickshank@hotmail.com",
    "updatedAt": "2024-09-14T03:44:14.503Z"
}
userId is: 352
]]></system-out>
  </testcase>
  <testcase name="deleteUserTest" classname="api.tests.UserTests" time="0.647">
    <system-out><![CDATA[userId is: 352
HTTP/1.1 204 No Content
Date: Sat, 14 Sep 2024 03:44:15 GMT
Content-Length: 0
Connection: keep-alive
Report-To: {"group":"heroku-nel","max_age":3600,"endpoints":[{"url":"https://nel.heroku.com/reports?ts=1726285455&sid=c4c9725f-1ab0-44d8-820f-430df2718e11&s=rk6MQqnfOK%2BeLpPi4p6OAAMnEh2LwNqaDGd7ALWo1OM%3D"}]}
Reporting-Endpoints: heroku-nel=https://nel.heroku.com/reports?ts=1726285455&sid=c4c9725f-1ab0-44d8-820f-430df2718e11&s=rk6MQqnfOK%2BeLpPi4p6OAAMnEh2LwNqaDGd7ALWo1OM%3D
Nel: {"report_to":"heroku-nel","max_age":3600,"success_fraction":0.005,"failure_fraction":0.05,"response_headers":["Via"]}
X-Powered-By: Express
Access-Control-Allow-Origin: *
Etag: W/"2-vyGp6PvFo4RvsFtPoIWeCReyIC8"
Via: 1.1 vegur
CF-Cache-Status: DYNAMIC
Server: cloudflare
CF-RAY: 8c2d609d0ab31d1c-BLR
]]></system-out>
  </testcase>
</testsuite>