<?xml version="1.0" encoding="UTF-8"?>
<!-- Generated by org.testng.reporters.JUnitXMLReporter -->
<testsuite ignored="0" hostname="DESKTOP-IGDG67O" failures="0" tests="4" name="RestTests" time="4.591" errors="0" timestamp="2024-09-13T22:25:23 IST">
  <testcase classname="api.tests.UserTests2" name="createUserTest" time="2.522"/>
  <testcase classname="api.tests.UserTests2" name="getUserDetailsTest" time="0.392"/>
  <testcase classname="api.tests.UserTests2" name="updateUserTest" time="0.388"/>
  <testcase classname="api.tests.UserTests2" name="deleteUserTest" time="0.417"/>
</testsuite> <!-- RestTests -->
